{"/home/runner/work/jwt-utils/jwt-utils/src/jwt.ts": {"path":"/home/runner/work/jwt-utils/jwt-utils/src/jwt.ts","statementMap":{"0":{"start":{"line":8,"column":0},"end":{"line":8,"column":16}},"1":{"start":{"line":19,"column":0},"end":{"line":19,"column":16}},"2":{"start":{"line":28,"column":0},"end":{"line":28,"column":16}},"3":{"start":{"line":38,"column":0},"end":{"line":38,"column":16}},"4":{"start":{"line":1,"column":0},"end":{"line":1,"column":31}},"5":{"start":{"line":13,"column":22},"end":{"line":13,"column":75}},"6":{"start":{"line":14,"column":23},"end":{"line":14,"column":76}},"7":{"start":{"line":16,"column":2},"end":{"line":16,"column":39}},"8":{"start":{"line":20,"column":2},"end":{"line":25,"column":3}},"9":{"start":{"line":21,"column":4},"end":{"line":21,"column":43}},"10":{"start":{"line":23,"column":4},"end":{"line":23,"column":60}},"11":{"start":{"line":24,"column":4},"end":{"line":24,"column":16}},"12":{"start":{"line":29,"column":2},"end":{"line":34,"column":3}},"13":{"start":{"line":30,"column":4},"end":{"line":30,"column":44}},"14":{"start":{"line":32,"column":4},"end":{"line":32,"column":74}},"15":{"start":{"line":33,"column":4},"end":{"line":33,"column":16}},"16":{"start":{"line":40,"column":2},"end":{"line":40,"column":51}}},"fnMap":{"0":{"name":"generateTokens","decl":{"start":{"line":8,"column":16},"end":{"line":8,"column":30}},"loc":{"start":{"line":11,"column":23},"end":{"line":17,"column":1}}},"1":{"name":"verifyToken","decl":{"start":{"line":19,"column":16},"end":{"line":19,"column":27}},"loc":{"start":{"line":19,"column":63},"end":{"line":26,"column":1}}},"2":{"name":"verifyRefreshToken","decl":{"start":{"line":28,"column":16},"end":{"line":28,"column":34}},"loc":{"start":{"line":28,"column":71},"end":{"line":35,"column":1}}},"3":{"name":"revokeRefreshToken","decl":{"start":{"line":38,"column":16},"end":{"line":38,"column":34}},"loc":{"start":{"line":38,"column":48},"end":{"line":41,"column":1}}}},"branchMap":{},"s":{"0":7,"1":7,"2":7,"3":7,"4":7,"5":23,"6":23,"7":23,"8":30,"9":30,"10":18,"11":18,"12":25,"13":25,"14":14,"15":14,"16":0},"f":{"0":23,"1":30,"2":25,"3":0},"b":{}}
,"/home/runner/work/jwt-utils/jwt-utils/src/middleware/express.ts": {"path":"/home/runner/work/jwt-utils/jwt-utils/src/middleware/express.ts","statementMap":{"0":{"start":{"line":3,"column":0},"end":{"line":3,"column":57}},"1":{"start":{"line":5,"column":33},"end":{"line":24,"column":1}},"2":{"start":{"line":6,"column":2},"end":{"line":23,"column":4}},"3":{"start":{"line":7,"column":23},"end":{"line":7,"column":48}},"4":{"start":{"line":8,"column":4},"end":{"line":11,"column":5}},"5":{"start":{"line":9,"column":6},"end":{"line":9,"column":56}},"6":{"start":{"line":10,"column":6},"end":{"line":10,"column":13}},"7":{"start":{"line":13,"column":22},"end":{"line":13,"column":43}},"8":{"start":{"line":14,"column":17},"end":{"line":14,"column":49}},"9":{"start":{"line":16,"column":4},"end":{"line":19,"column":5}},"10":{"start":{"line":17,"column":6},"end":{"line":17,"column":53}},"11":{"start":{"line":18,"column":6},"end":{"line":18,"column":13}},"12":{"start":{"line":21,"column":5},"end":{"line":21,"column":29}},"13":{"start":{"line":22,"column":4},"end":{"line":22,"column":11}},"14":{"start":{"line":5,"column":13},"end":{"line":5,"column":33}},"15":{"start":{"line":26,"column":40},"end":{"line":45,"column":1}},"16":{"start":{"line":27,"column":2},"end":{"line":44,"column":4}},"17":{"start":{"line":28,"column":23},"end":{"line":28,"column":48}},"18":{"start":{"line":29,"column":4},"end":{"line":32,"column":5}},"19":{"start":{"line":30,"column":6},"end":{"line":30,"column":56}},"20":{"start":{"line":31,"column":6},"end":{"line":31,"column":13}},"21":{"start":{"line":34,"column":22},"end":{"line":34,"column":43}},"22":{"start":{"line":35,"column":17},"end":{"line":35,"column":57}},"23":{"start":{"line":37,"column":4},"end":{"line":40,"column":5}},"24":{"start":{"line":38,"column":6},"end":{"line":38,"column":53}},"25":{"start":{"line":39,"column":6},"end":{"line":39,"column":13}},"26":{"start":{"line":42,"column":5},"end":{"line":42,"column":29}},"27":{"start":{"line":43,"column":4},"end":{"line":43,"column":11}},"28":{"start":{"line":26,"column":13},"end":{"line":26,"column":40}}},"fnMap":{"0":{"name":"(anonymous_0)","decl":{"start":{"line":5,"column":33},"end":{"line":5,"column":34}},"loc":{"start":{"line":5,"column":74},"end":{"line":24,"column":1}}},"1":{"name":"(anonymous_1)","decl":{"start":{"line":6,"column":9},"end":{"line":6,"column":10}},"loc":{"start":{"line":6,"column":67},"end":{"line":23,"column":3}}},"2":{"name":"(anonymous_2)","decl":{"start":{"line":26,"column":40},"end":{"line":26,"column":41}},"loc":{"start":{"line":26,"column":82},"end":{"line":45,"column":1}}},"3":{"name":"(anonymous_3)","decl":{"start":{"line":27,"column":9},"end":{"line":27,"column":10}},"loc":{"start":{"line":27,"column":67},"end":{"line":44,"column":3}}}},"branchMap":{"0":{"loc":{"start":{"line":8,"column":4},"end":{"line":11,"column":5}},"type":"if","locations":[{"start":{"line":8,"column":4},"end":{"line":11,"column":5}}]},"1":{"loc":{"start":{"line":16,"column":4},"end":{"line":19,"column":5}},"type":"if","locations":[{"start":{"line":16,"column":4},"end":{"line":19,"column":5}}]},"2":{"loc":{"start":{"line":29,"column":4},"end":{"line":32,"column":5}},"type":"if","locations":[{"start":{"line":29,"column":4},"end":{"line":32,"column":5}}]},"3":{"loc":{"start":{"line":37,"column":4},"end":{"line":40,"column":5}},"type":"if","locations":[{"start":{"line":37,"column":4},"end":{"line":40,"column":5}}]}},"s":{"0":2,"1":2,"2":2,"3":6,"4":6,"5":2,"6":2,"7":4,"8":4,"9":4,"10":2,"11":2,"12":2,"13":2,"14":2,"15":2,"16":2,"17":4,"18":4,"19":0,"20":0,"21":4,"22":4,"23":4,"24":2,"25":2,"26":2,"27":2,"28":2},"f":{"0":2,"1":6,"2":2,"3":4},"b":{"0":[2],"1":[2],"2":[0],"3":[2]}}
,"/home/runner/work/jwt-utils/jwt-utils/src/middleware/hapi.ts": {"path":"/home/runner/work/jwt-utils/jwt-utils/src/middleware/hapi.ts","statementMap":{"0":{"start":{"line":11,"column":0},"end":{"line":11,"column":16}},"1":{"start":{"line":43,"column":0},"end":{"line":43,"column":16}},"2":{"start":{"line":3,"column":0},"end":{"line":3,"column":57}},"3":{"start":{"line":12,"column":2},"end":{"line":40,"column":4}},"4":{"start":{"line":16,"column":23},"end":{"line":16,"column":52}},"5":{"start":{"line":18,"column":4},"end":{"line":22,"column":5}},"6":{"start":{"line":19,"column":6},"end":{"line":21,"column":19}},"7":{"start":{"line":24,"column":22},"end":{"line":24,"column":43}},"8":{"start":{"line":26,"column":4},"end":{"line":28,"column":5}},"9":{"start":{"line":27,"column":6},"end":{"line":27,"column":78}},"10":{"start":{"line":30,"column":20},"end":{"line":30,"column":52}},"11":{"start":{"line":32,"column":4},"end":{"line":36,"column":5}},"12":{"start":{"line":33,"column":6},"end":{"line":35,"column":19}},"13":{"start":{"line":38,"column":4},"end":{"line":38,"column":31}},"14":{"start":{"line":39,"column":4},"end":{"line":39,"column":22}},"15":{"start":{"line":44,"column":2},"end":{"line":72,"column":4}},"16":{"start":{"line":48,"column":23},"end":{"line":48,"column":52}},"17":{"start":{"line":50,"column":4},"end":{"line":54,"column":5}},"18":{"start":{"line":51,"column":6},"end":{"line":53,"column":19}},"19":{"start":{"line":56,"column":22},"end":{"line":56,"column":43}},"20":{"start":{"line":58,"column":4},"end":{"line":60,"column":5}},"21":{"start":{"line":59,"column":6},"end":{"line":59,"column":78}},"22":{"start":{"line":62,"column":20},"end":{"line":62,"column":60}},"23":{"start":{"line":64,"column":4},"end":{"line":68,"column":5}},"24":{"start":{"line":65,"column":6},"end":{"line":67,"column":19}},"25":{"start":{"line":70,"column":4},"end":{"line":70,"column":31}},"26":{"start":{"line":71,"column":4},"end":{"line":71,"column":22}}},"fnMap":{"0":{"name":"authenticateToken","decl":{"start":{"line":11,"column":16},"end":{"line":11,"column":33}},"loc":{"start":{"line":11,"column":54},"end":{"line":41,"column":1}}},"1":{"name":"(anonymous_1)","decl":{"start":{"line":12,"column":9},"end":{"line":12,"column":14}},"loc":{"start":{"line":15,"column":38},"end":{"line":40,"column":3}}},"2":{"name":"authenticateRefreshToken","decl":{"start":{"line":43,"column":16},"end":{"line":43,"column":40}},"loc":{"start":{"line":43,"column":62},"end":{"line":73,"column":1}}},"3":{"name":"(anonymous_3)","decl":{"start":{"line":44,"column":9},"end":{"line":44,"column":14}},"loc":{"start":{"line":47,"column":38},"end":{"line":72,"column":3}}}},"branchMap":{"0":{"loc":{"start":{"line":18,"column":4},"end":{"line":22,"column":5}},"type":"if","locations":[{"start":{"line":18,"column":4},"end":{"line":22,"column":5}}]},"1":{"loc":{"start":{"line":26,"column":4},"end":{"line":28,"column":5}},"type":"if","locations":[{"start":{"line":26,"column":4},"end":{"line":28,"column":5}}]},"2":{"loc":{"start":{"line":32,"column":4},"end":{"line":36,"column":5}},"type":"if","locations":[{"start":{"line":32,"column":4},"end":{"line":36,"column":5}}]},"3":{"loc":{"start":{"line":50,"column":4},"end":{"line":54,"column":5}},"type":"if","locations":[{"start":{"line":50,"column":4},"end":{"line":54,"column":5}}]},"4":{"loc":{"start":{"line":58,"column":4},"end":{"line":60,"column":5}},"type":"if","locations":[{"start":{"line":58,"column":4},"end":{"line":60,"column":5}}]},"5":{"loc":{"start":{"line":64,"column":4},"end":{"line":68,"column":5}},"type":"if","locations":[{"start":{"line":64,"column":4},"end":{"line":68,"column":5}}]}},"s":{"0":1,"1":1,"2":1,"3":1,"4":4,"5":4,"6":2,"7":2,"8":2,"9":0,"10":2,"11":2,"12":1,"13":1,"14":1,"15":1,"16":2,"17":2,"18":0,"19":2,"20":2,"21":0,"22":2,"23":2,"24":1,"25":1,"26":1},"f":{"0":1,"1":4,"2":1,"3":2},"b":{"0":[2],"1":[0],"2":[1],"3":[0],"4":[0],"5":[1]}}
,"/home/runner/work/jwt-utils/jwt-utils/src/middleware/koa.ts": {"path":"/home/runner/work/jwt-utils/jwt-utils/src/middleware/koa.ts","statementMap":{"0":{"start":{"line":5,"column":0},"end":{"line":5,"column":16}},"1":{"start":{"line":34,"column":0},"end":{"line":34,"column":16}},"2":{"start":{"line":3,"column":0},"end":{"line":3,"column":57}},"3":{"start":{"line":6,"column":2},"end":{"line":31,"column":4}},"4":{"start":{"line":8,"column":4},"end":{"line":11,"column":5}},"5":{"start":{"line":9,"column":6},"end":{"line":9,"column":19}},"6":{"start":{"line":10,"column":6},"end":{"line":10,"column":13}},"7":{"start":{"line":13,"column":23},"end":{"line":13,"column":48}},"8":{"start":{"line":14,"column":4},"end":{"line":18,"column":5}},"9":{"start":{"line":15,"column":6},"end":{"line":15,"column":23}},"10":{"start":{"line":16,"column":6},"end":{"line":16,"column":82}},"11":{"start":{"line":17,"column":6},"end":{"line":17,"column":13}},"12":{"start":{"line":20,"column":22},"end":{"line":20,"column":43}},"13":{"start":{"line":21,"column":17},"end":{"line":21,"column":49}},"14":{"start":{"line":23,"column":4},"end":{"line":27,"column":5}},"15":{"start":{"line":24,"column":6},"end":{"line":24,"column":23}},"16":{"start":{"line":25,"column":6},"end":{"line":25,"column":68}},"17":{"start":{"line":26,"column":6},"end":{"line":26,"column":13}},"18":{"start":{"line":29,"column":4},"end":{"line":29,"column":26}},"19":{"start":{"line":30,"column":4},"end":{"line":30,"column":17}},"20":{"start":{"line":35,"column":2},"end":{"line":60,"column":4}},"21":{"start":{"line":36,"column":4},"end":{"line":39,"column":5}},"22":{"start":{"line":37,"column":6},"end":{"line":37,"column":19}},"23":{"start":{"line":38,"column":6},"end":{"line":38,"column":13}},"24":{"start":{"line":41,"column":23},"end":{"line":41,"column":48}},"25":{"start":{"line":42,"column":4},"end":{"line":46,"column":5}},"26":{"start":{"line":43,"column":6},"end":{"line":43,"column":23}},"27":{"start":{"line":44,"column":6},"end":{"line":44,"column":82}},"28":{"start":{"line":45,"column":6},"end":{"line":45,"column":13}},"29":{"start":{"line":48,"column":22},"end":{"line":48,"column":43}},"30":{"start":{"line":49,"column":17},"end":{"line":49,"column":57}},"31":{"start":{"line":51,"column":4},"end":{"line":55,"column":5}},"32":{"start":{"line":52,"column":6},"end":{"line":52,"column":23}},"33":{"start":{"line":53,"column":6},"end":{"line":53,"column":76}},"34":{"start":{"line":54,"column":6},"end":{"line":54,"column":13}},"35":{"start":{"line":57,"column":4},"end":{"line":57,"column":26}},"36":{"start":{"line":58,"column":4},"end":{"line":58,"column":21}},"37":{"start":{"line":59,"column":4},"end":{"line":59,"column":17}}},"fnMap":{"0":{"name":"authenticateToken","decl":{"start":{"line":5,"column":16},"end":{"line":5,"column":33}},"loc":{"start":{"line":5,"column":54},"end":{"line":32,"column":1}}},"1":{"name":"(anonymous_1)","decl":{"start":{"line":6,"column":9},"end":{"line":6,"column":14}},"loc":{"start":{"line":6,"column":44},"end":{"line":31,"column":3}}},"2":{"name":"authenticateRefreshToken","decl":{"start":{"line":34,"column":16},"end":{"line":34,"column":40}},"loc":{"start":{"line":34,"column":62},"end":{"line":61,"column":1}}},"3":{"name":"(anonymous_3)","decl":{"start":{"line":35,"column":9},"end":{"line":35,"column":14}},"loc":{"start":{"line":35,"column":44},"end":{"line":60,"column":3}}}},"branchMap":{"0":{"loc":{"start":{"line":8,"column":4},"end":{"line":11,"column":5}},"type":"if","locations":[{"start":{"line":8,"column":4},"end":{"line":11,"column":5}}]},"1":{"loc":{"start":{"line":14,"column":4},"end":{"line":18,"column":5}},"type":"if","locations":[{"start":{"line":14,"column":4},"end":{"line":18,"column":5}}]},"2":{"loc":{"start":{"line":23,"column":4},"end":{"line":27,"column":5}},"type":"if","locations":[{"start":{"line":23,"column":4},"end":{"line":27,"column":5}}]},"3":{"loc":{"start":{"line":36,"column":4},"end":{"line":39,"column":5}},"type":"if","locations":[{"start":{"line":36,"column":4},"end":{"line":39,"column":5}}]},"4":{"loc":{"start":{"line":42,"column":4},"end":{"line":46,"column":5}},"type":"if","locations":[{"start":{"line":42,"column":4},"end":{"line":46,"column":5}}]},"5":{"loc":{"start":{"line":51,"column":4},"end":{"line":55,"column":5}},"type":"if","locations":[{"start":{"line":51,"column":4},"end":{"line":55,"column":5}}]}},"s":{"0":1,"1":1,"2":1,"3":1,"4":7,"5":3,"6":3,"7":4,"8":4,"9":2,"10":2,"11":2,"12":2,"13":2,"14":2,"15":1,"16":1,"17":1,"18":1,"19":1,"20":1,"21":4,"22":2,"23":2,"24":2,"25":2,"26":0,"27":0,"28":0,"29":2,"30":2,"31":2,"32":1,"33":1,"34":1,"35":1,"36":1,"37":1},"f":{"0":1,"1":7,"2":1,"3":4},"b":{"0":[3],"1":[2],"2":[1],"3":[2],"4":[0],"5":[1]}}
,"/home/runner/work/jwt-utils/jwt-utils/src/middleware/nest.ts": {"path":"/home/runner/work/jwt-utils/jwt-utils/src/middleware/nest.ts","statementMap":{"0":{"start":{"line":1,"column":0},"end":{"line":1,"column":null}},"1":{"start":{"line":8,"column":0},"end":{"line":8,"column":57}},"2":{"start":{"line":10,"column":1},"end":{"line":10,"column":null}},"3":{"start":{"line":13,"column":21},"end":{"line":13,"column":41}},"4":{"start":{"line":14,"column":21},"end":{"line":14,"column":42}},"5":{"start":{"line":18,"column":20},"end":{"line":18,"column":55}},"6":{"start":{"line":19,"column":23},"end":{"line":19,"column":52}},"7":{"start":{"line":21,"column":4},"end":{"line":25,"column":5}},"8":{"start":{"line":22,"column":6},"end":{"line":24,"column":8}},"9":{"start":{"line":27,"column":22},"end":{"line":27,"column":43}},"10":{"start":{"line":30,"column":4},"end":{"line":34,"column":5}},"11":{"start":{"line":31,"column":6},"end":{"line":31,"column":62}},"12":{"start":{"line":33,"column":6},"end":{"line":33,"column":54}},"13":{"start":{"line":36,"column":4},"end":{"line":38,"column":5}},"14":{"start":{"line":37,"column":6},"end":{"line":37,"column":80}},"15":{"start":{"line":40,"column":4},"end":{"line":40,"column":27}},"16":{"start":{"line":41,"column":4},"end":{"line":41,"column":16}},"17":{"start":{"line":11,"column":0},"end":{"line":11,"column":13}},"18":{"start":{"line":11,"column":13},"end":{"line":11,"column":30}}},"fnMap":{"0":{"name":"(anonymous_6)","decl":{"start":{"line":12,"column":2},"end":{"line":12,"column":null}},"loc":{"start":{"line":14,"column":42},"end":{"line":15,"column":6}}},"1":{"name":"(anonymous_7)","decl":{"start":{"line":17,"column":2},"end":{"line":17,"column":13}},"loc":{"start":{"line":17,"column":39},"end":{"line":42,"column":3}}}},"branchMap":{"0":{"loc":{"start":{"line":21,"column":4},"end":{"line":25,"column":5}},"type":"if","locations":[{"start":{"line":21,"column":4},"end":{"line":25,"column":5}}]},"1":{"loc":{"start":{"line":30,"column":4},"end":{"line":34,"column":5}},"type":"if","locations":[{"start":{"line":30,"column":4},"end":{"line":34,"column":5}},{"start":{"line":32,"column":11},"end":{"line":34,"column":5}}]},"2":{"loc":{"start":{"line":36,"column":4},"end":{"line":38,"column":5}},"type":"if","locations":[{"start":{"line":36,"column":4},"end":{"line":38,"column":5}}]}},"s":{"0":1,"1":1,"2":1,"3":10,"4":10,"5":4,"6":4,"7":4,"8":1,"9":3,"10":3,"11":1,"12":2,"13":3,"14":1,"15":2,"16":2,"17":1,"18":2},"f":{"0":10,"1":4},"b":{"0":[1],"1":[1,2],"2":[1]}}
,"/home/runner/work/jwt-utils/jwt-utils/src/middleware/next.ts": {"path":"/home/runner/work/jwt-utils/jwt-utils/src/middleware/next.ts","statementMap":{"0":{"start":{"line":5,"column":0},"end":{"line":5,"column":16}},"1":{"start":{"line":3,"column":0},"end":{"line":3,"column":57}},"2":{"start":{"line":11,"column":2},"end":{"line":34,"column":4}},"3":{"start":{"line":12,"column":23},"end":{"line":12,"column":48}},"4":{"start":{"line":13,"column":4},"end":{"line":15,"column":5}},"5":{"start":{"line":14,"column":6},"end":{"line":14,"column":82}},"6":{"start":{"line":17,"column":22},"end":{"line":17,"column":43}},"7":{"start":{"line":20,"column":4},"end":{"line":24,"column":5}},"8":{"start":{"line":21,"column":6},"end":{"line":21,"column":57}},"9":{"start":{"line":23,"column":6},"end":{"line":23,"column":49}},"10":{"start":{"line":26,"column":4},"end":{"line":30,"column":5}},"11":{"start":{"line":27,"column":6},"end":{"line":29,"column":69}},"12":{"start":{"line":32,"column":5},"end":{"line":32,"column":32}},"13":{"start":{"line":33,"column":4},"end":{"line":33,"column":29}}},"fnMap":{"0":{"name":"authenticateToken","decl":{"start":{"line":5,"column":16},"end":{"line":5,"column":33}},"loc":{"start":{"line":9,"column":36},"end":{"line":35,"column":1}}},"1":{"name":"(anonymous_1)","decl":{"start":{"line":11,"column":9},"end":{"line":11,"column":10}},"loc":{"start":{"line":11,"column":55},"end":{"line":34,"column":3}}}},"branchMap":{"0":{"loc":{"start":{"line":9,"column":2},"end":{"line":9,"column":36}},"type":"default-arg","locations":[{"start":{"line":9,"column":31},"end":{"line":9,"column":36}}]},"1":{"loc":{"start":{"line":13,"column":4},"end":{"line":15,"column":5}},"type":"if","locations":[{"start":{"line":13,"column":4},"end":{"line":15,"column":5}}]},"2":{"loc":{"start":{"line":20,"column":4},"end":{"line":24,"column":5}},"type":"if","locations":[{"start":{"line":20,"column":4},"end":{"line":24,"column":5}},{"start":{"line":22,"column":11},"end":{"line":24,"column":5}}]},"3":{"loc":{"start":{"line":26,"column":4},"end":{"line":30,"column":5}},"type":"if","locations":[{"start":{"line":26,"column":4},"end":{"line":30,"column":5}}]}},"s":{"0":1,"1":1,"2":5,"3":5,"4":5,"5":2,"6":3,"7":3,"8":1,"9":2,"10":3,"11":1,"12":2,"13":2},"f":{"0":5,"1":5},"b":{"0":[0],"1":[2],"2":[1,2],"3":[1]}}
,"/home/runner/work/jwt-utils/jwt-utils/src/middleware/rbac.ts": {"path":"/home/runner/work/jwt-utils/jwt-utils/src/middleware/rbac.ts","statementMap":{"0":{"start":{"line":3,"column":0},"end":{"line":3,"column":16}},"1":{"start":{"line":4,"column":2},"end":{"line":16,"column":4}},"2":{"start":{"line":5,"column":4},"end":{"line":7,"column":5}},"3":{"start":{"line":6,"column":6},"end":{"line":6,"column":83}},"4":{"start":{"line":9,"column":4},"end":{"line":13,"column":5}},"5":{"start":{"line":10,"column":6},"end":{"line":12,"column":66}},"6":{"start":{"line":15,"column":4},"end":{"line":15,"column":11}}},"fnMap":{"0":{"name":"authorizeRoles","decl":{"start":{"line":3,"column":16},"end":{"line":3,"column":30}},"loc":{"start":{"line":3,"column":56},"end":{"line":17,"column":1}}},"1":{"name":"(anonymous_1)","decl":{"start":{"line":4,"column":9},"end":{"line":4,"column":10}},"loc":{"start":{"line":4,"column":61},"end":{"line":16,"column":3}}}},"branchMap":{"0":{"loc":{"start":{"line":5,"column":4},"end":{"line":7,"column":5}},"type":"if","locations":[{"start":{"line":5,"column":4},"end":{"line":7,"column":5}}]},"1":{"loc":{"start":{"line":9,"column":4},"end":{"line":13,"column":5}},"type":"if","locations":[{"start":{"line":9,"column":4},"end":{"line":13,"column":5}}]}},"s":{"0":1,"1":5,"2":5,"3":1,"4":4,"5":2,"6":2},"f":{"0":5,"1":5},"b":{"0":[1],"1":[2]}}
}
