{"/home/runner/work/jwt-utils/jwt-utils/src/jwt.ts": {"path":"/home/runner/work/jwt-utils/jwt-utils/src/jwt.ts","statementMap":{"0":{"start":{"line":10,"column":0},"end":{"line":10,"column":16}},"1":{"start":{"line":17,"column":0},"end":{"line":17,"column":16}},"2":{"start":{"line":1,"column":0},"end":{"line":1,"column":31}},"3":{"start":{"line":3,"column":19},"end":{"line":3,"column":31}},"4":{"start":{"line":14,"column":2},"end":{"line":14,"column":73}},"5":{"start":{"line":18,"column":2},"end":{"line":24,"column":3}},"6":{"start":{"line":19,"column":20},"end":{"line":19,"column":49}},"7":{"start":{"line":20,"column":4},"end":{"line":20,"column":19}},"8":{"start":{"line":22,"column":4},"end":{"line":22,"column":60}},"9":{"start":{"line":23,"column":4},"end":{"line":23,"column":16}}},"fnMap":{"0":{"name":"generateToken","decl":{"start":{"line":10,"column":16},"end":{"line":10,"column":29}},"loc":{"start":{"line":12,"column":26},"end":{"line":15,"column":1}}},"1":{"name":"verifyToken","decl":{"start":{"line":17,"column":16},"end":{"line":17,"column":27}},"loc":{"start":{"line":17,"column":41},"end":{"line":25,"column":1}}}},"branchMap":{"0":{"loc":{"start":{"line":12,"column":2},"end":{"line":12,"column":26}},"type":"default-arg","locations":[{"start":{"line":12,"column":22},"end":{"line":12,"column":26}}]}},"s":{"0":4,"1":4,"2":4,"3":4,"4":4,"5":9,"6":9,"7":4,"8":5,"9":5},"f":{"0":4,"1":9},"b":{"0":[3]}}
,"/home/runner/work/jwt-utils/jwt-utils/src/middleware/express.ts": {"path":"/home/runner/work/jwt-utils/jwt-utils/src/middleware/express.ts","statementMap":{"0":{"start":{"line":5,"column":0},"end":{"line":11,"column":1}},"1":{"start":{"line":6,"column":2},"end":{"line":6,"column":31}},"2":{"start":{"line":8,"column":2},"end":{"line":10,"column":4}},"3":{"start":{"line":15,"column":0},"end":{"line":15,"column":37}},"4":{"start":{"line":17,"column":33},"end":{"line":37,"column":1}},"5":{"start":{"line":22,"column":21},"end":{"line":22,"column":49}},"6":{"start":{"line":23,"column":16},"end":{"line":23,"column":54}},"7":{"start":{"line":25,"column":2},"end":{"line":28,"column":3}},"8":{"start":{"line":26,"column":4},"end":{"line":26,"column":24}},"9":{"start":{"line":27,"column":4},"end":{"line":27,"column":11}},"10":{"start":{"line":30,"column":15},"end":{"line":30,"column":33}},"11":{"start":{"line":31,"column":2},"end":{"line":34,"column":3}},"12":{"start":{"line":32,"column":4},"end":{"line":32,"column":24}},"13":{"start":{"line":33,"column":4},"end":{"line":33,"column":11}},"14":{"start":{"line":35,"column":3},"end":{"line":35,"column":27}},"15":{"start":{"line":36,"column":2},"end":{"line":36,"column":9}},"16":{"start":{"line":17,"column":13},"end":{"line":17,"column":33}}},"fnMap":{"0":{"name":"(anonymous_0)","decl":{"start":{"line":17,"column":33},"end":{"line":17,"column":null}},"loc":{"start":{"line":21,"column":10},"end":{"line":37,"column":1}}}},"branchMap":{"0":{"loc":{"start":{"line":23,"column":16},"end":{"line":23,"column":54}},"type":"binary-expr","locations":[{"start":{"line":23,"column":16},"end":{"line":23,"column":26}},{"start":{"line":23,"column":30},"end":{"line":23,"column":54}}]},"1":{"loc":{"start":{"line":25,"column":2},"end":{"line":28,"column":3}},"type":"if","locations":[{"start":{"line":25,"column":2},"end":{"line":28,"column":3}}]},"2":{"loc":{"start":{"line":31,"column":2},"end":{"line":34,"column":3}},"type":"if","locations":[{"start":{"line":31,"column":2},"end":{"line":34,"column":3}}]}},"s":{"0":1,"1":1,"2":0,"3":1,"4":1,"5":3,"6":3,"7":3,"8":1,"9":1,"10":2,"11":2,"12":1,"13":1,"14":1,"15":1,"16":1},"f":{"0":3},"b":{"0":[3,2],"1":[1],"2":[1]}}
,"/home/runner/work/jwt-utils/jwt-utils/src/middleware/fastify.ts": {"path":"/home/runner/work/jwt-utils/jwt-utils/src/middleware/fastify.ts","statementMap":{"0":{"start":{"line":23,"column":0},"end":{"line":23,"column":7}},"1":{"start":{"line":5,"column":0},"end":{"line":11,"column":1}},"2":{"start":{"line":6,"column":2},"end":{"line":6,"column":31}},"3":{"start":{"line":8,"column":2},"end":{"line":10,"column":4}},"4":{"start":{"line":15,"column":0},"end":{"line":15,"column":37}},"5":{"start":{"line":27,"column":21},"end":{"line":27,"column":50}},"6":{"start":{"line":28,"column":2},"end":{"line":30,"column":3}},"7":{"start":{"line":29,"column":4},"end":{"line":29,"column":82}},"8":{"start":{"line":32,"column":25},"end":{"line":32,"column":46}},"9":{"start":{"line":34,"column":2},"end":{"line":36,"column":3}},"10":{"start":{"line":35,"column":4},"end":{"line":35,"column":85}},"11":{"start":{"line":38,"column":15},"end":{"line":38,"column":33}},"12":{"start":{"line":40,"column":2},"end":{"line":42,"column":3}},"13":{"start":{"line":41,"column":4},"end":{"line":41,"column":75}},"14":{"start":{"line":44,"column":3},"end":{"line":44,"column":31}},"15":{"start":{"line":46,"column":0},"end":{"line":46,"column":33}}},"fnMap":{"0":{"name":"authenticateToken","decl":{"start":{"line":23,"column":22},"end":{"line":23,"column":39}},"loc":{"start":{"line":25,"column":21},"end":{"line":45,"column":1}}}},"branchMap":{"0":{"loc":{"start":{"line":28,"column":2},"end":{"line":30,"column":3}},"type":"if","locations":[{"start":{"line":28,"column":2},"end":{"line":30,"column":3}}]},"1":{"loc":{"start":{"line":32,"column":11},"end":{"line":32,"column":21}},"type":"default-arg","locations":[{"start":{"line":32,"column":19},"end":{"line":32,"column":21}}]},"2":{"loc":{"start":{"line":34,"column":2},"end":{"line":36,"column":3}},"type":"if","locations":[{"start":{"line":34,"column":2},"end":{"line":36,"column":3}}]},"3":{"loc":{"start":{"line":40,"column":2},"end":{"line":42,"column":3}},"type":"if","locations":[{"start":{"line":40,"column":2},"end":{"line":42,"column":3}}]}},"s":{"0":1,"1":1,"2":1,"3":0,"4":1,"5":3,"6":3,"7":0,"8":3,"9":3,"10":0,"11":3,"12":3,"13":2,"14":1,"15":1},"f":{"0":3},"b":{"0":[0],"1":[0],"2":[0],"3":[2]}}
,"/home/runner/work/jwt-utils/jwt-utils/src/middleware/koa.ts": {"path":"/home/runner/work/jwt-utils/jwt-utils/src/middleware/koa.ts","statementMap":{"0":{"start":{"line":15,"column":0},"end":{"line":15,"column":7}},"1":{"start":{"line":5,"column":0},"end":{"line":9,"column":1}},"2":{"start":{"line":6,"column":2},"end":{"line":6,"column":23}},"3":{"start":{"line":8,"column":2},"end":{"line":8,"column":83}},"4":{"start":{"line":13,"column":0},"end":{"line":13,"column":37}},"5":{"start":{"line":17,"column":2},"end":{"line":20,"column":3}},"6":{"start":{"line":18,"column":4},"end":{"line":18,"column":17}},"7":{"start":{"line":19,"column":4},"end":{"line":19,"column":11}},"8":{"start":{"line":22,"column":16},"end":{"line":22,"column":56}},"9":{"start":{"line":24,"column":2},"end":{"line":28,"column":3}},"10":{"start":{"line":25,"column":4},"end":{"line":25,"column":21}},"11":{"start":{"line":26,"column":4},"end":{"line":26,"column":62}},"12":{"start":{"line":27,"column":4},"end":{"line":27,"column":11}},"13":{"start":{"line":30,"column":15},"end":{"line":30,"column":33}},"14":{"start":{"line":31,"column":2},"end":{"line":35,"column":3}},"15":{"start":{"line":32,"column":4},"end":{"line":32,"column":21}},"16":{"start":{"line":33,"column":4},"end":{"line":33,"column":66}},"17":{"start":{"line":34,"column":4},"end":{"line":34,"column":11}},"18":{"start":{"line":37,"column":2},"end":{"line":37,"column":24}},"19":{"start":{"line":38,"column":2},"end":{"line":38,"column":15}}},"fnMap":{"0":{"name":"globalAuthHandler","decl":{"start":{"line":15,"column":22},"end":{"line":15,"column":39}},"loc":{"start":{"line":15,"column":64},"end":{"line":39,"column":1}}}},"branchMap":{"0":{"loc":{"start":{"line":17,"column":2},"end":{"line":20,"column":3}},"type":"if","locations":[{"start":{"line":17,"column":2},"end":{"line":20,"column":3}}]},"1":{"loc":{"start":{"line":24,"column":2},"end":{"line":28,"column":3}},"type":"if","locations":[{"start":{"line":24,"column":2},"end":{"line":28,"column":3}}]},"2":{"loc":{"start":{"line":31,"column":2},"end":{"line":35,"column":3}},"type":"if","locations":[{"start":{"line":31,"column":2},"end":{"line":35,"column":3}}]}},"s":{"0":1,"1":1,"2":1,"3":0,"4":1,"5":4,"6":1,"7":1,"8":3,"9":3,"10":1,"11":1,"12":1,"13":2,"14":2,"15":1,"16":1,"17":1,"18":1,"19":1},"f":{"0":4},"b":{"0":[1],"1":[1],"2":[1]}}
}
