TN:
SF:src/jwt.ts
FN:13,generateTokens
FN:35,verifyToken
FN:44,verifyRefreshToken
FNF:3
FNH:3
FNDA:24,generateTokens
FNDA:30,verifyToken
FNDA:25,verifyRefreshToken
DA:1,7
DA:13,7
DA:20,24
DA:23,24
DA:25,24
DA:28,24
DA:32,24
DA:35,7
DA:36,30
DA:37,30
DA:39,18
DA:40,18
DA:44,7
DA:45,25
DA:46,25
DA:48,14
DA:49,14
LF:17
LH:17
BRDA:20,0,0,2
BRDA:20,0,1,22
BRDA:23,1,0,2
BRDA:23,1,1,22
BRF:4
BRH:4
end_of_record
TN:
SF:src/middleware/express.ts
FN:7,(anonymous_0)
FN:22,(anonymous_1)
FN:42,(anonymous_2)
FN:57,(anonymous_3)
FNF:4
FNH:4
FNDA:1,(anonymous_0)
FNDA:3,(anonymous_1)
FNDA:1,(anonymous_2)
FNDA:2,(anonymous_3)
DA:7,1
DA:8,1
DA:9,1
DA:10,1
DA:12,0
DA:18,1
DA:19,1
DA:22,1
DA:23,3
DA:24,3
DA:25,1
DA:26,1
DA:29,2
DA:30,2
DA:32,2
DA:33,1
DA:34,1
DA:37,1
DA:38,1
DA:42,1
DA:43,1
DA:44,0
DA:45,0
DA:47,0
DA:53,1
DA:54,1
DA:57,1
DA:58,2
DA:59,2
DA:60,0
DA:61,0
DA:64,2
DA:65,2
DA:67,2
DA:68,1
DA:69,1
DA:72,1
DA:73,1
LF:38
LH:32
BRDA:8,0,0,1
BRDA:18,1,0,1
BRDA:24,2,0,1
BRDA:32,3,0,1
BRDA:43,4,0,0
BRDA:53,5,0,1
BRDA:59,6,0,0
BRDA:67,7,0,1
BRF:8
BRH:6
end_of_record
TN:
SF:src/middleware/fastify.ts
FN:15,authenticateToken
FN:30,(anonymous_1)
FN:47,authenticateRefreshToken
FN:62,(anonymous_3)
FNF:4
FNH:4
FNDA:1,authenticateToken
FNDA:3,(anonymous_1)
FNDA:1,authenticateRefreshToken
FNDA:2,(anonymous_3)
DA:15,1
DA:16,1
DA:17,1
DA:18,1
DA:20,0
DA:26,1
DA:27,1
DA:30,1
DA:31,3
DA:32,3
DA:33,1
DA:36,2
DA:37,2
DA:39,2
DA:40,1
DA:43,1
DA:47,1
DA:48,1
DA:49,0
DA:50,0
DA:52,0
DA:58,1
DA:59,1
DA:62,1
DA:63,2
DA:64,2
DA:65,0
DA:68,2
DA:69,2
DA:71,2
DA:72,1
DA:75,1
LF:32
LH:27
BRDA:16,0,0,1
BRDA:26,1,0,1
BRDA:32,2,0,1
BRDA:39,3,0,1
BRDA:48,4,0,0
BRDA:58,5,0,1
BRDA:64,6,0,0
BRDA:71,7,0,1
BRF:8
BRH:6
end_of_record
TN:
SF:src/middleware/hapi.ts
FN:15,authenticateToken
FN:30,(anonymous_1)
FN:61,authenticateRefreshToken
FN:76,(anonymous_3)
FNF:4
FNH:4
FNDA:1,authenticateToken
FNDA:4,(anonymous_1)
FNDA:1,authenticateRefreshToken
FNDA:2,(anonymous_3)
DA:15,1
DA:16,1
DA:17,1
DA:18,1
DA:20,0
DA:26,1
DA:27,1
DA:30,1
DA:34,4
DA:36,4
DA:37,2
DA:42,2
DA:44,2
DA:45,0
DA:48,2
DA:50,2
DA:51,1
DA:56,1
DA:57,1
DA:61,1
DA:62,1
DA:63,0
DA:64,0
DA:66,0
DA:72,1
DA:73,1
DA:76,1
DA:80,2
DA:82,2
DA:83,0
DA:88,2
DA:90,2
DA:91,0
DA:94,2
DA:96,2
DA:97,1
DA:102,1
DA:103,1
LF:38
LH:31
BRDA:16,0,0,1
BRDA:26,1,0,1
BRDA:36,2,0,2
BRDA:44,3,0,0
BRDA:50,4,0,1
BRDA:62,5,0,0
BRDA:72,6,0,1
BRDA:82,7,0,0
BRDA:90,8,0,0
BRDA:96,9,0,1
BRF:10
BRH:6
end_of_record
TN:
SF:src/middleware/koa.ts
FN:7,authenticateToken
FN:22,(anonymous_1)
FN:50,authenticateRefreshToken
FN:65,(anonymous_3)
FNF:4
FNH:4
FNDA:1,authenticateToken
FNDA:7,(anonymous_1)
FNDA:1,authenticateRefreshToken
FNDA:4,(anonymous_3)
DA:7,1
DA:8,1
DA:9,1
DA:10,1
DA:12,0
DA:18,1
DA:19,1
DA:22,1
DA:24,7
DA:25,3
DA:26,3
DA:29,4
DA:30,4
DA:31,2
DA:32,2
DA:33,2
DA:36,2
DA:37,2
DA:39,2
DA:40,1
DA:41,1
DA:42,1
DA:45,1
DA:46,1
DA:50,1
DA:51,1
DA:52,0
DA:53,0
DA:55,0
DA:61,1
DA:62,1
DA:65,1
DA:66,4
DA:67,2
DA:68,2
DA:71,2
DA:72,2
DA:73,0
DA:74,0
DA:75,0
DA:78,2
DA:79,2
DA:81,2
DA:82,1
DA:83,1
DA:84,1
DA:87,1
DA:88,1
DA:89,1
LF:49
LH:42
BRDA:8,0,0,1
BRDA:18,1,0,1
BRDA:24,2,0,3
BRDA:30,3,0,2
BRDA:39,4,0,1
BRDA:51,5,0,0
BRDA:61,6,0,1
BRDA:66,7,0,2
BRDA:72,8,0,0
BRDA:81,9,0,1
BRF:10
BRH:8
end_of_record
TN:
SF:src/middleware/nest.ts
FN:22,(anonymous_0)
FN:34,(anonymous_1)
FNF:2
FNH:2
FNDA:10,(anonymous_0)
FNDA:4,(anonymous_1)
DA:7,1
DA:8,1
DA:10,0
DA:15,1
DA:21,1
DA:23,10
DA:24,10
DA:26,10
DA:27,1
DA:29,10
DA:30,1
DA:35,4
DA:36,4
DA:38,4
DA:39,1
DA:44,3
DA:47,3
DA:48,1
DA:50,2
DA:53,3
DA:54,1
DA:57,2
DA:58,2
LF:23
LH:22
BRDA:26,0,0,1
BRDA:29,1,0,1
BRDA:38,2,0,1
BRDA:47,3,0,1
BRDA:47,3,1,2
BRDA:53,4,0,1
BRF:6
BRH:6
end_of_record
TN:
SF:src/middleware/next.ts
FN:7,authenticateToken
FN:30,(anonymous_1)
FNF:2
FNH:2
FNDA:5,authenticateToken
FNDA:5,(anonymous_1)
DA:7,1
DA:13,5
DA:14,1
DA:15,1
DA:17,0
DA:23,5
DA:24,1
DA:26,5
DA:27,1
DA:30,5
DA:31,5
DA:32,5
DA:33,2
DA:36,3
DA:39,3
DA:40,1
DA:42,2
DA:45,3
DA:46,1
DA:51,2
DA:52,2
LF:21
LH:20
BRDA:11,0,0,0
BRDA:13,1,0,1
BRDA:23,2,0,1
BRDA:26,3,0,1
BRDA:32,4,0,2
BRDA:39,5,0,1
BRDA:39,5,1,2
BRDA:45,6,0,1
BRF:8
BRH:7
end_of_record
TN:
SF:src/middleware/rbac.ts
FN:5,authorizeRoles
FN:16,(anonymous_1)
FNF:2
FNH:2
FNDA:5,authorizeRoles
FNDA:5,(anonymous_1)
DA:5,1
DA:6,5
DA:7,1
DA:8,1
DA:10,0
DA:16,5
DA:17,5
DA:18,1
DA:21,4
DA:22,2
DA:27,2
LF:11
LH:10
BRDA:6,0,0,1
BRDA:17,1,0,1
BRDA:21,2,0,2
BRF:3
BRH:3
end_of_record
