TN:
SF:src/jwt.ts
FN:10,generateToken
FN:17,verifyToken
FNF:2
FNH:2
FNDA:4,generateToken
FNDA:9,verifyToken
DA:1,4
DA:3,4
DA:10,4
DA:14,4
DA:17,4
DA:18,9
DA:19,9
DA:20,4
DA:22,5
DA:23,5
LF:10
LH:10
BRDA:12,0,0,3
BRF:1
BRH:1
end_of_record
TN:
SF:src/middleware/express.ts
FN:17,(anonymous_0)
FNF:1
FNH:1
FNDA:3,(anonymous_0)
DA:5,1
DA:6,1
DA:8,0
DA:15,1
DA:17,1
DA:22,3
DA:23,3
DA:25,3
DA:26,1
DA:27,1
DA:30,2
DA:31,2
DA:32,1
DA:33,1
DA:35,1
DA:36,1
LF:16
LH:15
BRDA:23,0,0,3
BRDA:23,0,1,2
BRDA:25,1,0,1
BRDA:31,2,0,1
BRF:4
BRH:4
end_of_record
TN:
SF:src/middleware/fastify.ts
FN:23,authenticateToken
FNF:1
FNH:1
FNDA:3,authenticateToken
DA:5,1
DA:6,1
DA:8,0
DA:15,1
DA:23,1
DA:27,3
DA:28,3
DA:29,0
DA:32,3
DA:34,3
DA:35,0
DA:38,3
DA:40,3
DA:41,2
DA:44,1
DA:46,1
LF:16
LH:13
BRDA:28,0,0,0
BRDA:32,1,0,0
BRDA:34,2,0,0
BRDA:40,3,0,2
BRF:4
BRH:1
end_of_record
TN:
SF:src/middleware/koa.ts
FN:15,globalAuthHandler
FNF:1
FNH:1
FNDA:4,globalAuthHandler
DA:5,1
DA:6,1
DA:8,0
DA:13,1
DA:15,1
DA:17,4
DA:18,1
DA:19,1
DA:22,3
DA:24,3
DA:25,1
DA:26,1
DA:27,1
DA:30,2
DA:31,2
DA:32,1
DA:33,1
DA:34,1
DA:37,1
DA:38,1
LF:20
LH:19
BRDA:17,0,0,1
BRDA:24,1,0,1
BRDA:31,2,0,1
BRF:3
BRH:3
end_of_record
